<?xml version="1.0" encoding="UTF-8"?>
<!-- Generated by org.testng.reporters.JUnitReportReporter -->
<testsuite hostname="DESKTOP-HCMDDC7" failures="0" tests="2" name="TestPageCases.VerifyNegativeCartProductDetails" time="58.771" errors="0" timestamp="2023-09-24T23:21:10 BDT" skipped="0">
  <testcase classname="TestPageCases.VerifyNegativeCartProductDetails" name="quantityToProductdetails" time="40.411"/>
  <system-out/>
  <testcase classname="TestPageCases.VerifyNegativeCartProductDetails" name="QuantityAddToSameProduct" time="18.360"/>
  <system-out/>
</testsuite> <!-- TestPageCases.VerifyNegativeCartProductDetails -->
