<?xml version="1.0" encoding="UTF-8"?>
<!-- Generated by org.testng.reporters.JUnitReportReporter -->
<testsuite hostname="DESKTOP-HCMDDC7" failures="0" tests="1" name="TestPageCases.ValidLoginInput" time="28.726" errors="0" timestamp="2023-09-24T23:21:10 BDT" skipped="0">
  <testcase classname="TestPageCases.ValidLoginInput" name="validLoginInput" time="28.726"/>
  <system-out/>
</testsuite> <!-- TestPageCases.ValidLoginInput -->
