<?xml version="1.0" encoding="UTF-8"?>
<!-- Generated by org.testng.reporters.JUnitReportReporter -->
<testsuite hostname="DESKTOP-HCMDDC7" failures="0" tests="5" name="TestPageCases.VerifyProceedToCheckoutButtonAndAddressDetails" time="106.734" errors="0" timestamp="2023-09-24T23:21:10 BDT" skipped="0">
  <testcase classname="TestPageCases.VerifyProceedToCheckoutButtonAndAddressDetails" name="LoginToShoppingCart" time="77.745"/>
  <system-out/>
  <testcase classname="TestPageCases.VerifyProceedToCheckoutButtonAndAddressDetails" name="VerifyProcedTocheckout" time="6.411"/>
  <system-out/>
  <testcase classname="TestPageCases.VerifyProceedToCheckoutButtonAndAddressDetails" name="AdressVerificationAndPlaceorder" time="6.196"/>
  <system-out/>
  <testcase classname="TestPageCases.VerifyProceedToCheckoutButtonAndAddressDetails" name="PaymentToConfirmOrderAndDownloadInvoice" time="6.934"/>
  <system-out/>
  <testcase classname="TestPageCases.VerifyProceedToCheckoutButtonAndAddressDetails" name="InvoiceVerification" time="9.448"/>
  <system-out/>
</testsuite> <!-- TestPageCases.VerifyProceedToCheckoutButtonAndAddressDetails -->
